kotlin version: 2.0.21
error message: org.jetbrains.kotlin.backend.common.BackendException: Backend Internal error: Exception during IR lowering
File being compiled: /Users/ucielluna/AndroidStudioProjects/SwipeLazyColumn/RevealSwipeLazyColumn/src/main/java/com/example/revealswipelazycolumn/SwipeAnimation.kt
The root cause java.lang.RuntimeException was thrown at: org.jetbrains.kotlin.backend.jvm.codegen.FunctionCodegen.generate(FunctionCodegen.kt:47)
	at org.jetbrains.kotlin.backend.common.CodegenUtil.reportBackendException(CodegenUtil.kt:253)
	at org.jetbrains.kotlin.backend.common.CodegenUtil.reportBackendException$default(CodegenUtil.kt:236)
	at org.jetbrains.kotlin.backend.common.phaser.PerformByIrFilePhase.invokeSequential(performByIrFile.kt:65)
	at org.jetbrains.kotlin.backend.common.phaser.PerformByIrFilePhase.invoke(performByIrFile.kt:52)
	at org.jetbrains.kotlin.backend.common.phaser.PerformByIrFilePhase.invoke(performByIrFile.kt:38)
	at org.jetbrains.kotlin.backend.common.phaser.NamedCompilerPhase.phaseBody(CompilerPhase.kt:166)
	at org.jetbrains.kotlin.backend.common.phaser.AbstractNamedCompilerPhase.invoke(CompilerPhase.kt:113)
	at org.jetbrains.kotlin.backend.common.phaser.CompositePhase.invoke(PhaseBuilders.kt:27)
	at org.jetbrains.kotlin.backend.common.phaser.CompositePhase.invoke(PhaseBuilders.kt:14)
	at org.jetbrains.kotlin.backend.common.phaser.NamedCompilerPhase.phaseBody(CompilerPhase.kt:166)
	at org.jetbrains.kotlin.backend.common.phaser.AbstractNamedCompilerPhase.invoke(CompilerPhase.kt:113)
	at org.jetbrains.kotlin.backend.common.phaser.CompilerPhaseKt.invokeToplevel(CompilerPhase.kt:62)
	at org.jetbrains.kotlin.backend.jvm.JvmIrCodegenFactory.invokeCodegen(JvmIrCodegenFactory.kt:371)
	at org.jetbrains.kotlin.codegen.CodegenFactory.generateModule(CodegenFactory.kt:47)
	at org.jetbrains.kotlin.backend.jvm.JvmIrCodegenFactory.generateModuleInFrontendIRMode(JvmIrCodegenFactory.kt:433)
	at org.jetbrains.kotlin.cli.jvm.compiler.pipeline.JvmCompilerPipelineKt.generateCodeFromIr(jvmCompilerPipeline.kt:246)
	at org.jetbrains.kotlin.cli.jvm.compiler.pipeline.JvmCompilerPipelineKt.compileModulesUsingFrontendIrAndLightTree(jvmCompilerPipeline.kt:142)
	at org.jetbrains.kotlin.cli.jvm.K2JVMCompiler.doExecute(K2JVMCompiler.kt:148)
	at org.jetbrains.kotlin.cli.jvm.K2JVMCompiler.doExecute(K2JVMCompiler.kt:43)
	at org.jetbrains.kotlin.cli.common.CLICompiler.execImpl(CLICompiler.kt:103)
	at org.jetbrains.kotlin.cli.common.CLICompiler.execImpl(CLICompiler.kt:49)
	at org.jetbrains.kotlin.cli.common.CLITool.exec(CLITool.kt:101)
	at org.jetbrains.kotlin.incremental.IncrementalJvmCompilerRunner.runCompiler(IncrementalJvmCompilerRunner.kt:464)
	at org.jetbrains.kotlin.incremental.IncrementalJvmCompilerRunner.runCompiler(IncrementalJvmCompilerRunner.kt:73)
	at org.jetbrains.kotlin.incremental.IncrementalCompilerRunner.doCompile(IncrementalCompilerRunner.kt:506)
	at org.jetbrains.kotlin.incremental.IncrementalCompilerRunner.compileImpl(IncrementalCompilerRunner.kt:423)
	at org.jetbrains.kotlin.incremental.IncrementalCompilerRunner.compileNonIncrementally(IncrementalCompilerRunner.kt:301)
	at org.jetbrains.kotlin.incremental.IncrementalCompilerRunner.compile(IncrementalCompilerRunner.kt:129)
	at org.jetbrains.kotlin.daemon.CompileServiceImplBase.execIncrementalCompiler(CompileServiceImpl.kt:675)
	at org.jetbrains.kotlin.daemon.CompileServiceImplBase.access$execIncrementalCompiler(CompileServiceImpl.kt:92)
	at org.jetbrains.kotlin.daemon.CompileServiceImpl.compile(CompileServiceImpl.kt:1660)
	at java.base/jdk.internal.reflect.DirectMethodHandleAccessor.invoke(Unknown Source)
	at java.base/java.lang.reflect.Method.invoke(Unknown Source)
	at java.rmi/sun.rmi.server.UnicastServerRef.dispatch(Unknown Source)
	at java.rmi/sun.rmi.transport.Transport$1.run(Unknown Source)
	at java.rmi/sun.rmi.transport.Transport$1.run(Unknown Source)
	at java.base/java.security.AccessController.doPrivileged(Unknown Source)
	at java.rmi/sun.rmi.transport.Transport.serviceCall(Unknown Source)
	at java.rmi/sun.rmi.transport.tcp.TCPTransport.handleMessages(Unknown Source)
	at java.rmi/sun.rmi.transport.tcp.TCPTransport$ConnectionHandler.run0(Unknown Source)
	at java.rmi/sun.rmi.transport.tcp.TCPTransport$ConnectionHandler.lambda$run$0(Unknown Source)
	at java.base/java.security.AccessController.doPrivileged(Unknown Source)
	at java.rmi/sun.rmi.transport.tcp.TCPTransport$ConnectionHandler.run(Unknown Source)
	at java.base/java.util.concurrent.ThreadPoolExecutor.runWorker(Unknown Source)
	at java.base/java.util.concurrent.ThreadPoolExecutor$Worker.run(Unknown Source)
	at java.base/java.lang.Thread.run(Unknown Source)
Caused by: java.lang.RuntimeException: Exception while generating code for:
FUN name:RevealSwipe visibility:public modality:FINAL <> (modifier:androidx.compose.ui.Modifier, shape:androidx.compose.ui.graphics.Shape, leftActions:@[Composable] @[ExtensionFunctionType] kotlin.Function1<androidx.compose.foundation.layout.BoxScope, kotlin.Unit>, rightActions:@[Composable] @[ExtensionFunctionType] kotlin.Function1<androidx.compose.foundation.layout.BoxScope, kotlin.Unit>, content:@[Composable] kotlin.Function0<kotlin.Unit>, swipeStateInit:com.example.revealswipelazycolumn.state.SwipeState, funSwiped:kotlin.Function1<com.example.revealswipelazycolumn.state.SwipeState, kotlin.Unit>) returnType:kotlin.Unit
  annotations:
    Composable
  VALUE_PARAMETER name:modifier index:0 type:androidx.compose.ui.Modifier
  VALUE_PARAMETER name:shape index:1 type:androidx.compose.ui.graphics.Shape
  VALUE_PARAMETER name:leftActions index:2 type:@[Composable] @[ExtensionFunctionType] kotlin.Function1<androidx.compose.foundation.layout.BoxScope, kotlin.Unit>
  VALUE_PARAMETER name:rightActions index:3 type:@[Composable] @[ExtensionFunctionType] kotlin.Function1<androidx.compose.foundation.layout.BoxScope, kotlin.Unit>
  VALUE_PARAMETER name:content index:4 type:@[Composable] kotlin.Function0<kotlin.Unit>
  VALUE_PARAMETER name:swipeStateInit index:5 type:com.example.revealswipelazycolumn.state.SwipeState
  VALUE_PARAMETER name:funSwiped index:6 type:kotlin.Function1<com.example.revealswipelazycolumn.state.SwipeState, kotlin.Unit>
  BLOCK_BODY
    VAR PROPERTY_DELEGATE name:leftWidth$delegate type:androidx.compose.runtime.MutableFloatState [val]
      CALL 'public final fun remember <T> (calculation: @[DisallowComposableCalls] kotlin.Function0<T of androidx.compose.runtime.ComposablesKt.remember>): T of androidx.compose.runtime.ComposablesKt.remember [inline] declared in androidx.compose.runtime.ComposablesKt' type=androidx.compose.runtime.MutableFloatState origin=null
        <T>: androidx.compose.runtime.MutableFloatState
        calculation: BLOCK type=kotlin.Function0<androidx.compose.runtime.MutableFloatState> origin=LAMBDA
          COMPOSITE type=kotlin.Unit origin=null
          FUNCTION_REFERENCE 'private final fun RevealSwipe$lambda$0 (): androidx.compose.runtime.MutableFloatState declared in com.example.revealswipelazycolumn.SwipeAnimationKt' type=kotlin.Function0<androidx.compose.runtime.MutableFloatState> origin=INLINE_LAMBDA reflectionTarget=null
    VAR PROPERTY_DELEGATE name:rightWidth$delegate type:androidx.compose.runtime.MutableFloatState [val]
      CALL 'public final fun remember <T> (calculation: @[DisallowComposableCalls] kotlin.Function0<T of androidx.compose.runtime.ComposablesKt.remember>): T of androidx.compose.runtime.ComposablesKt.remember [inline] declared in androidx.compose.runtime.ComposablesKt' type=androidx.compose.runtime.MutableFloatState origin=null
        <T>: androidx.compose.runtime.MutableFloatState
        calculation: BLOCK type=kotlin.Function0<androidx.compose.runtime.MutableFloatState> origin=LAMBDA
          COMPOSITE type=kotlin.Unit origin=null
          FUNCTION_REFERENCE 'private final fun RevealSwipe$lambda$3 (): androidx.compose.runtime.MutableFloatState declared in com.example.revealswipelazycolumn.SwipeAnimationKt' type=kotlin.Function0<androidx.compose.runtime.MutableFloatState> origin=INLINE_LAMBDA reflectionTarget=null
    VAR PROPERTY_DELEGATE name:swipeState$delegate type:androidx.compose.runtime.MutableState<com.example.revealswipelazycolumn.state.SwipeState> [val]
      CALL 'public final fun remember <T> (calculation: @[DisallowComposableCalls] kotlin.Function0<T of androidx.compose.runtime.ComposablesKt.remember>): T of androidx.compose.runtime.ComposablesKt.remember [inline] declared in androidx.compose.runtime.ComposablesKt' type=androidx.compose.runtime.MutableState<com.example.revealswipelazycolumn.state.SwipeState> origin=null
        <T>: androidx.compose.runtime.MutableState<com.example.revealswipelazycolumn.state.SwipeState>
        calculation: BLOCK type=kotlin.Function0<androidx.compose.runtime.MutableState<com.example.revealswipelazycolumn.state.SwipeState>> origin=LAMBDA
          COMPOSITE type=kotlin.Unit origin=null
          FUNCTION_REFERENCE 'private final fun RevealSwipe$lambda$6 ($swipeStateInit: com.example.revealswipelazycolumn.state.SwipeState): androidx.compose.runtime.MutableState<com.example.revealswipelazycolumn.state.SwipeState> declared in com.example.revealswipelazycolumn.SwipeAnimationKt' type=kotlin.Function0<androidx.compose.runtime.MutableState<com.example.revealswipelazycolumn.state.SwipeState>> origin=INLINE_LAMBDA reflectionTarget=null
            $swipeStateInit: GET_VAR 'swipeStateInit: com.example.revealswipelazycolumn.state.SwipeState declared in com.example.revealswipelazycolumn.SwipeAnimationKt.RevealSwipe' type=com.example.revealswipelazycolumn.state.SwipeState origin=null
    VAR PROPERTY_DELEGATE name:offsetX$delegate type:androidx.compose.runtime.MutableFloatState [val]
      CALL 'public final fun remember <T> (calculation: @[DisallowComposableCalls] kotlin.Function0<T of androidx.compose.runtime.ComposablesKt.remember>): T of androidx.compose.runtime.ComposablesKt.remember [inline] declared in androidx.compose.runtime.ComposablesKt' type=androidx.compose.runtime.MutableFloatState origin=null
        <T>: androidx.compose.runtime.MutableFloatState
        calculation: BLOCK type=kotlin.Function0<androidx.compose.runtime.MutableFloatState> origin=LAMBDA
          COMPOSITE type=kotlin.Unit origin=null
          FUNCTION_REFERENCE 'private final fun RevealSwipe$lambda$9 (): androidx.compose.runtime.MutableFloatState declared in com.example.revealswipelazycolumn.SwipeAnimationKt' type=kotlin.Function0<androidx.compose.runtime.MutableFloatState> origin=INLINE_LAMBDA reflectionTarget=null
    WHEN type=kotlin.Unit origin=IF
      BRANCH
        if: CALL 'public final fun not (): kotlin.Boolean [operator] declared in kotlin.Boolean' type=kotlin.Boolean origin=EXCLEQ
          $this: CALL 'public final fun EQEQ (arg0: kotlin.Any?, arg1: kotlin.Any?): kotlin.Boolean declared in kotlin.internal.ir' type=kotlin.Boolean origin=EXCLEQ
            arg0: CALL 'private final fun RevealSwipe$lambda$7 ($swipeState$delegate: androidx.compose.runtime.MutableState<com.example.revealswipelazycolumn.state.SwipeState>): com.example.revealswipelazycolumn.state.SwipeState declared in com.example.revealswipelazycolumn.SwipeAnimationKt' type=com.example.revealswipelazycolumn.state.SwipeState origin=GET_LOCAL_PROPERTY
              $swipeState$delegate: GET_VAR 'val swipeState$delegate: androidx.compose.runtime.MutableState<com.example.revealswipelazycolumn.state.SwipeState> [val] declared in com.example.revealswipelazycolumn.SwipeAnimationKt.RevealSwipe' type=androidx.compose.runtime.MutableState<com.example.revealswipelazycolumn.state.SwipeState> origin=null
            arg1: GET_FIELD 'FIELD FIELD_FOR_ENUM_ENTRY name:Moving type:com.example.revealswipelazycolumn.state.SwipeState visibility:public [final,static] declared in com.example.revealswipelazycolumn.state.SwipeState' type=com.example.revealswipelazycolumn.state.SwipeState origin=null
        then: CALL 'private final fun RevealSwipe$lambda$8 ($swipeState$delegate: androidx.compose.runtime.MutableState<com.example.revealswipelazycolumn.state.SwipeState>, <set-?>: com.example.revealswipelazycolumn.state.SwipeState): kotlin.Unit declared in com.example.revealswipelazycolumn.SwipeAnimationKt' type=kotlin.Unit origin=EQ
          $swipeState$delegate: GET_VAR 'val swipeState$delegate: androidx.compose.runtime.MutableState<com.example.revealswipelazycolumn.state.SwipeState> [val] declared in com.example.revealswipelazycolumn.SwipeAnimationKt.RevealSwipe' type=androidx.compose.runtime.MutableState<com.example.revealswipelazycolumn.state.SwipeState> origin=null
          <set-?>: GET_VAR 'swipeStateInit: com.example.revealswipelazycolumn.state.SwipeState declared in com.example.revealswipelazycolumn.SwipeAnimationKt.RevealSwipe' type=com.example.revealswipelazycolumn.state.SwipeState origin=null
    VAR PROPERTY_DELEGATE name:animatedOffsetX$delegate type:androidx.compose.runtime.State<kotlin.Float> [val]
      CALL 'public final fun animateFloatAsState$default (targetValue: kotlin.Float, animationSpec: androidx.compose.animation.core.AnimationSpec<kotlin.Float>?, visibilityThreshold: kotlin.Float, label: kotlin.String?, finishedListener: kotlin.Function1<kotlin.Float, kotlin.Unit>?, $mask0: kotlin.Int, $handler: kotlin.Any?): androidx.compose.runtime.State<kotlin.Float> declared in androidx.compose.animation.core.AnimateAsStateKt' type=androidx.compose.runtime.State<kotlin.Float> origin=DEFAULT_DISPATCH_CALL
        targetValue: BLOCK type=kotlin.Float origin=WHEN
          VAR IR_TEMPORARY_VARIABLE name:tmp0_subject type:com.example.revealswipelazycolumn.state.SwipeState [val]
            CALL 'private final fun RevealSwipe$lambda$7 ($swipeState$delegate: androidx.compose.runtime.MutableState<com.example.revealswipelazycolumn.state.SwipeState>): com.example.revealswipelazycolumn.state.SwipeState declared in com.example.revealswipelazycolumn.SwipeAnimationKt' type=com.example.revealswipelazycolumn.state.SwipeState origin=GET_LOCAL_PROPERTY
              $swipeState$delegate: GET_VAR 'val swipeState$delegate: androidx.compose.runtime.MutableState<com.example.revealswipelazycolumn.state.SwipeState> [val] declared in com.example.revealswipelazycolumn.SwipeAnimationKt.RevealSwipe' type=androidx.compose.runtime.MutableState<com.example.revealswipelazycolumn.state.SwipeState> origin=null
          VAR IR_TEMPORARY_VARIABLE name:tmp0 type:kotlin.Int [val]
            CALL 'public final fun get (index: kotlin.Int): kotlin.Int [operator] declared in kotlin.IntArray' type=kotlin.Int origin=null
              $this: GET_FIELD 'FIELD ENUM_MAPPINGS_FOR_WHEN name:$EnumSwitchMapping$0 type:kotlin.IntArray visibility:public [final,static] declared in com.example.revealswipelazycolumn.SwipeAnimationKt.WhenMappings' type=kotlin.IntArray origin=null
              index: CALL 'public final fun <get-ordinal> (): kotlin.Int [fake_override] declared in com.example.revealswipelazycolumn.state.SwipeState' type=kotlin.Int origin=null
                $this: GET_VAR 'val tmp0_subject: com.example.revealswipelazycolumn.state.SwipeState [val] declared in com.example.revealswipelazycolumn.SwipeAnimationKt.RevealSwipe' type=com.example.revealswipelazycolumn.state.SwipeState origin=null
          WHEN type=kotlin.Float origin=WHEN
            BRANCH
              if: CALL 'public final fun EQEQ (arg0: kotlin.Any?, arg1: kotlin.Any?): kotlin.Boolean declared in kotlin.internal.ir' type=kotlin.Boolean origin=null
                arg0: GET_VAR 'val tmp0: kotlin.Int [val] declared in com.example.revealswipelazycolumn.SwipeAnimationKt.RevealSwipe' type=kotlin.Int origin=null
                arg1: CONST Int type=kotlin.Int value=1
              then: CALL 'private final fun RevealSwipe$lambda$10 ($offsetX$delegate: androidx.compose.runtime.MutableFloatState): kotlin.Float declared in com.example.revealswipelazycolumn.SwipeAnimationKt' type=kotlin.Float origin=GET_LOCAL_PROPERTY
                $offsetX$delegate: GET_VAR 'val offsetX$delegate: androidx.compose.runtime.MutableFloatState [val] declared in com.example.revealswipelazycolumn.SwipeAnimationKt.RevealSwipe' type=androidx.compose.runtime.MutableFloatState origin=null
            BRANCH
              if: CALL 'public final fun EQEQ (arg0: kotlin.Any?, arg1: kotlin.Any?): kotlin.Boolean declared in kotlin.internal.ir' type=kotlin.Boolean origin=null
                arg0: GET_VAR 'val tmp0: kotlin.Int [val] declared in com.example.revealswipelazycolumn.SwipeAnimationKt.RevealSwipe' type=kotlin.Int origin=null
                arg1: CONST Int type=kotlin.Int value=2
              then: CONST Float type=kotlin.Float value=0.0
            BRANCH
              if: CALL 'public final fun EQEQ (arg0: kotlin.Any?, arg1: kotlin.Any?): kotlin.Boolean declared in kotlin.internal.ir' type=kotlin.Boolean origin=null
                arg0: GET_VAR 'val tmp0: kotlin.Int [val] declared in com.example.revealswipelazycolumn.SwipeAnimationKt.RevealSwipe' type=kotlin.Int origin=null
                arg1: CONST Int type=kotlin.Int value=3
              then: CALL 'private final fun RevealSwipe$lambda$1 ($leftWidth$delegate: androidx.compose.runtime.MutableFloatState): kotlin.Float declared in com.example.revealswipelazycolumn.SwipeAnimationKt' type=kotlin.Float origin=GET_LOCAL_PROPERTY
                $leftWidth$delegate: GET_VAR 'val leftWidth$delegate: androidx.compose.runtime.MutableFloatState [val] declared in com.example.revealswipelazycolumn.SwipeAnimationKt.RevealSwipe' type=androidx.compose.runtime.MutableFloatState origin=null
            BRANCH
              if: CALL 'public final fun EQEQ (arg0: kotlin.Any?, arg1: kotlin.Any?): kotlin.Boolean declared in kotlin.internal.ir' type=kotlin.Boolean origin=null
                arg0: GET_VAR 'val tmp0: kotlin.Int [val] declared in com.example.revealswipelazycolumn.SwipeAnimationKt.RevealSwipe' type=kotlin.Int origin=null
                arg1: CONST Int type=kotlin.Int value=4
              then: CALL 'public final fun unaryMinus (): kotlin.Float [operator] declared in kotlin.Float' type=kotlin.Float origin=null
                $this: CALL 'private final fun RevealSwipe$lambda$4 ($rightWidth$delegate: androidx.compose.runtime.MutableFloatState): kotlin.Float declared in com.example.revealswipelazycolumn.SwipeAnimationKt' type=kotlin.Float origin=GET_LOCAL_PROPERTY
                  $rightWidth$delegate: GET_VAR 'val rightWidth$delegate: androidx.compose.runtime.MutableFloatState [val] declared in com.example.revealswipelazycolumn.SwipeAnimationKt.RevealSwipe' type=androidx.compose.runtime.MutableFloatState origin=null
            BRANCH
              if: CONST Boolean type=kotlin.Boolean value=true
              then: BLOCK type=kotlin.Nothing origin=null
                CALL 'public final fun noWhenBranchMatchedException (): kotlin.Nothing declared in kotlin.internal.ir' type=kotlin.Nothing origin=null
                CALL 'public final fun throwKotlinNothingValueException (): kotlin.Nothing declared in kotlin.jvm.internal.Intrinsics' type=kotlin.Nothing origin=null
        animationSpec: TYPE_OP type=androidx.compose.animation.core.SpringSpec<kotlin.Float> origin=IMPLICIT_CAST typeOperand=androidx.compose.animation.core.SpringSpec<kotlin.Float>
          CALL 'public final fun spring$default <T> (dampingRatio: kotlin.Float, stiffness: kotlin.Float, visibilityThreshold: T of androidx.compose.animation.core.AnimationSpecKt.spring$default?, $mask0: kotlin.Int, $handler: kotlin.Any?): androidx.compose.animation.core.SpringSpec<T of androidx.compose.animation.core.AnimationSpecKt.spring$default> declared in androidx.compose.animation.core.AnimationSpecKt' type=androidx.compose.animation.core.SpringSpec<T of androidx.compose.animation.core.AnimationSpecKt.spring$default> origin=DEFAULT_DISPATCH_CALL
            <T>: kotlin.Float
            dampingRatio: CONST Float type=kotlin.Float value=0.75
            stiffness: CONST Float type=kotlin.Float value=200.0
            visibilityThreshold: COMPOSITE type=T of androidx.compose.animation.core.AnimationSpecKt.spring$default? origin=DEFAULT_VALUE
              CONST Null type=kotlin.Any? value=null
            $mask0: CONST Int type=kotlin.Int value=4
            $handler: CONST Null type=kotlin.Any? value=null
        visibilityThreshold: COMPOSITE type=kotlin.Float origin=DEFAULT_VALUE
          CONST Float type=kotlin.Float value=0.0
        label: COMPOSITE type=kotlin.String? origin=DEFAULT_VALUE
          CONST Null type=kotlin.String? value=null
        finishedListener: COMPOSITE type=kotlin.Function1<kotlin.Float, kotlin.Unit>? origin=DEFAULT_VALUE
          CONST Null type=kotlin.Function1<kotlin.Float, kotlin.Unit>? value=null
        $mask0: CONST Int type=kotlin.Int value=28
        $handler: CONST Null type=kotlin.Any? value=null
    CALL 'public final fun Surface-PPo6-fI$default (modifier: androidx.compose.ui.Modifier?, shape: androidx.compose.ui.graphics.Shape?, color: androidx.compose.ui.graphics.Color, contentColor: androidx.compose.ui.graphics.Color, tonalElevation: androidx.compose.ui.unit.Dp, shadowElevation: androidx.compose.ui.unit.Dp, border: androidx.compose.foundation.BorderStroke?, content: @[Composable] kotlin.Function0<kotlin.Unit>, $mask0: kotlin.Int, $handler: kotlin.Any?): kotlin.Unit declared in androidx.compose.material3.SurfaceKt' type=kotlin.Unit origin=DEFAULT_DISPATCH_CALL
      modifier: CALL 'public final fun height (intrinsicSize: androidx.compose.foundation.layout.IntrinsicSize): androidx.compose.ui.Modifier declared in androidx.compose.foundation.layout.IntrinsicKt' type=androidx.compose.ui.Modifier origin=null
        $receiver: CALL 'public final fun fillMaxWidth$default (fraction: kotlin.Float, $mask0: kotlin.Int, $handler: kotlin.Any?): androidx.compose.ui.Modifier declared in androidx.compose.foundation.layout.SizeKt' type=androidx.compose.ui.Modifier origin=DEFAULT_DISPATCH_CALL
          $receiver: GET_VAR 'modifier: androidx.compose.ui.Modifier declared in com.example.revealswipelazycolumn.SwipeAnimationKt.RevealSwipe' type=androidx.compose.ui.Modifier origin=null
          fraction: COMPOSITE type=kotlin.Float origin=DEFAULT_VALUE
            CONST Float type=kotlin.Float value=0.0
          $mask0: CONST Int type=kotlin.Int value=1
          $handler: CONST Null type=kotlin.Any? value=null
        intrinsicSize: GET_FIELD 'FIELD FIELD_FOR_ENUM_ENTRY name:Min type:androidx.compose.foundation.layout.IntrinsicSize visibility:public [final,static] declared in androidx.compose.foundation.layout.IntrinsicSize' type=androidx.compose.foundation.layout.IntrinsicSize origin=null
      shape: GET_VAR 'shape: androidx.compose.ui.graphics.Shape declared in com.example.revealswipelazycolumn.SwipeAnimationKt.RevealSwipe' type=androidx.compose.ui.graphics.Shape origin=null
      color: COMPOSITE type=androidx.compose.ui.graphics.Color origin=DEFAULT_VALUE
        CALL 'public final fun <unsafe-coerce> <T, R> (v: T of kotlin.jvm.internal.<unsafe-coerce>): R of kotlin.jvm.internal.<unsafe-coerce> declared in kotlin.jvm.internal' type=androidx.compose.ui.graphics.Color origin=null
          <T>: kotlin.Long
          <R>: androidx.compose.ui.graphics.Color
          v: CONST Long type=kotlin.Long value=0
      contentColor: COMPOSITE type=androidx.compose.ui.graphics.Color origin=DEFAULT_VALUE
        CALL 'public final fun <unsafe-coerce> <T, R> (v: T of kotlin.jvm.internal.<unsafe-coerce>): R of kotlin.jvm.internal.<unsafe-coerce> declared in kotlin.jvm.internal' type=androidx.compose.ui.graphics.Color origin=null
          <T>: kotlin.Long
          <R>: androidx.compose.ui.graphics.Color
          v: CONST Long type=kotlin.Long value=0
      tonalElevation: COMPOSITE type=androidx.compose.ui.unit.Dp origin=DEFAULT_VALUE
        CALL 'public final fun <unsafe-coerce> <T, R> (v: T of kotlin.jvm.internal.<unsafe-coerce>): R of kotlin.jvm.internal.<unsafe-coerce> declared in kotlin.jvm.internal' type=androidx.compose.ui.unit.Dp origin=null
          <T>: kotlin.Float
          <R>: androidx.compose.ui.unit.Dp
          v: CONST Float type=kotlin.Float value=0.0
      shadowElevation: COMPOSITE type=androidx.compose.ui.unit.Dp origin=DEFAULT_VALUE
        CALL 'public final fun <unsafe-coerce> <T, R> (v: T of kotlin.jvm.internal.<unsafe-coerce>): R of kotlin.jvm.internal.<unsafe-coerce> declared in kotlin.jvm.internal' type=androidx.compose.ui.unit.Dp origin=null
          <T>: kotlin.Float
          <R>: androidx.compose.ui.unit.Dp
          v: CONST Float type=kotlin.Float value=0.0
      border: COMPOSITE type=androidx.compose.foundation.BorderStroke? origin=DEFAULT_VALUE
        CONST Null type=androidx.compose.foundation.BorderStroke? value=null
      content: BLOCK type=kotlin.Function0<kotlin.Unit> origin=LAMBDA
        COMPOSITE type=kotlin.Unit origin=null
        CALL 'public final fun <jvm-indy> <T> (dynamicCall: T of kotlin.jvm.internal.<jvm-indy>, bootstrapMethodHandle: kotlin.Any, vararg bootstrapMethodArguments: kotlin.Any): T of kotlin.jvm.internal.<jvm-indy> declared in kotlin.jvm.internal' type=kotlin.Function0<kotlin.Unit> origin=null
          <T>: kotlin.Function0<kotlin.Unit>
          dynamicCall: CALL 'public final fun invoke (p0: androidx.compose.runtime.MutableFloatState, p1: @[Composable] @[ExtensionFunctionType] kotlin.Function1<androidx.compose.foundation.layout.BoxScope, kotlin.Unit>, p2: androidx.compose.runtime.MutableFloatState, p3: @[Composable] @[ExtensionFunctionType] kotlin.Function1<androidx.compose.foundation.layout.BoxScope, kotlin.Unit>, p4: androidx.compose.runtime.State<kotlin.Float>, p5: kotlin.Function1<com.example.revealswipelazycolumn.state.SwipeState, kotlin.Unit>, p6: androidx.compose.runtime.MutableFloatState, p7: androidx.compose.runtime.MutableState<com.example.revealswipelazycolumn.state.SwipeState>, p8: @[Composable] kotlin.Function0<kotlin.Unit>): kotlin.Function0<kotlin.Unit> declared in kotlin.jvm.internal.invokeDynamic' type=kotlin.Function0<kotlin.Unit> origin=null
            p0: GET_VAR 'val leftWidth$delegate: androidx.compose.runtime.MutableFloatState [val] declared in com.example.revealswipelazycolumn.SwipeAnimationKt.RevealSwipe' type=androidx.compose.runtime.MutableFloatState origin=null
            p1: GET_VAR 'leftActions: @[Composable] @[ExtensionFunctionType] kotlin.Function1<androidx.compose.foundation.layout.BoxScope, kotlin.Unit> declared in com.example.revealswipelazycolumn.SwipeAnimationKt.RevealSwipe' type=@[Composable] @[ExtensionFunctionType] kotlin.Function1<androidx.compose.foundation.layout.BoxScope, kotlin.Unit> origin=null
            p2: GET_VAR 'val rightWidth$delegate: androidx.compose.runtime.MutableFloatState [val] declared in com.example.revealswipelazycolumn.SwipeAnimationKt.RevealSwipe' type=androidx.compose.runtime.MutableFloatState origin=null
            p3: GET_VAR 'rightActions: @[Composable] @[ExtensionFunctionType] kotlin.Function1<androidx.compose.foundation.layout.BoxScope, kotlin.Unit> declared in com.example.revealswipelazycolumn.SwipeAnimationKt.RevealSwipe' type=@[Composable] @[ExtensionFunctionType] kotlin.Function1<androidx.compose.foundation.layout.BoxScope, kotlin.Unit> origin=null
            p4: GET_VAR 'val animatedOffsetX$delegate: androidx.compose.runtime.State<kotlin.Float> [val] declared in com.example.revealswipelazycolumn.SwipeAnimationKt.RevealSwipe' type=androidx.compose.runtime.State<kotlin.Float> origin=null
            p5: GET_VAR 'funSwiped: kotlin.Function1<com.example.revealswipelazycolumn.state.SwipeState, kotlin.Unit> declared in com.example.revealswipelazycolumn.SwipeAnimationKt.RevealSwipe' type=kotlin.Function1<com.example.revealswipelazycolumn.state.SwipeState, kotlin.Unit> origin=null
            p6: GET_VAR 'val offsetX$delegate: androidx.compose.runtime.MutableFloatState [val] declared in com.example.revealswipelazycolumn.SwipeAnimationKt.RevealSwipe' type=androidx.compose.runtime.MutableFloatState origin=null
            p7: GET_VAR 'val swipeState$delegate: androidx.compose.runtime.MutableState<com.example.revealswipelazycolumn.state.SwipeState> [val] declared in com.example.revealswipelazycolumn.SwipeAnimationKt.RevealSwipe' type=androidx.compose.runtime.MutableState<com.example.revealswipelazycolumn.state.SwipeState> origin=null
            p8: GET_VAR 'content: @[Composable] kotlin.Function0<kotlin.Unit> declared in com.example.revealswipelazycolumn.SwipeAnimationKt.RevealSwipe' type=@[Composable] kotlin.Function0<kotlin.Unit> origin=null
          bootstrapMethodHandle: CALL 'public final fun <jvm-method-handle> (tag: kotlin.Int, owner: kotlin.String, name: kotlin.String, descriptor: kotlin.String, isInterface: kotlin.Boolean): kotlin.Any declared in kotlin.jvm.internal' type=kotlin.Any origin=null
            tag: CONST Int type=kotlin.Int value=6
            owner: CONST String type=kotlin.String value="java/lang/invoke/LambdaMetafactory"
            name: CONST String type=kotlin.String value="metafactory"
            descriptor: CONST String type=kotlin.String value="(Ljava/lang/invoke/MethodHandles$Lookup;Ljava/lang/String;Ljava/lang/invoke/MethodType;Ljava/lang/invoke/MethodType;Ljava/lang/invoke/MethodHandle;Ljava/lang/invoke/MethodType;)Ljava/lang/invoke/CallSite;"
            isInterface: CONST Boolean type=kotlin.Boolean value=false
          bootstrapMethodArguments: VARARG type=kotlin.Array<kotlin.Any> varargElementType=kotlin.Any
            CALL 'public final fun <jvm-original-method-type> (method: kotlin.Any): kotlin.Any declared in kotlin.jvm.internal' type=kotlin.Any origin=null
              method: RAW_FUNCTION_REFERENCE 'public abstract fun invoke (): R of kotlin.Function0 [operator] declared in kotlin.Function0' type=kotlin.Any
            RAW_FUNCTION_REFERENCE 'private final fun RevealSwipe$lambda$20 ($leftWidth$delegate: androidx.compose.runtime.MutableFloatState, $leftActions: @[Composable] @[ExtensionFunctionType] kotlin.Function1<androidx.compose.foundation.layout.BoxScope, kotlin.Unit>, $rightWidth$delegate: androidx.compose.runtime.MutableFloatState, $rightActions: @[Composable] @[ExtensionFunctionType] kotlin.Function1<androidx.compose.foundation.layout.BoxScope, kotlin.Unit>, $animatedOffsetX$delegate: androidx.compose.runtime.State<kotlin.Float>, $funSwiped: kotlin.Function1<com.example.revealswipelazycolumn.state.SwipeState, kotlin.Unit>, $offsetX$delegate: androidx.compose.runtime.MutableFloatState, $swipeState$delegate: androidx.compose.runtime.MutableState<com.example.revealswipelazycolumn.state.SwipeState>, $content: @[Composable] kotlin.Function0<kotlin.Unit>): kotlin.Unit? declared in com.example.revealswipelazycolumn.SwipeAnimationKt' type=kotlin.Any
            CALL 'public final fun <jvm-original-method-type> (method: kotlin.Any): kotlin.Any declared in kotlin.jvm.internal' type=kotlin.Any origin=null
              method: RAW_FUNCTION_REFERENCE 'public abstract fun invoke (): kotlin.Unit? [fake_override,operator] declared in kotlin.jvm.internal.invokeDynamic.<fake>' type=kotlin.Any
      $mask0: CONST Int type=kotlin.Int value=124
      $handler: CONST Null type=kotlin.Any? value=null

	at org.jetbrains.kotlin.backend.jvm.codegen.FunctionCodegen.generate(FunctionCodegen.kt:47)
	at org.jetbrains.kotlin.backend.jvm.codegen.FunctionCodegen.generate$default(FunctionCodegen.kt:40)
	at org.jetbrains.kotlin.backend.jvm.codegen.ClassCodegen.generateMethodNode(ClassCodegen.kt:406)
	at org.jetbrains.kotlin.backend.jvm.codegen.ClassCodegen.generateMethod(ClassCodegen.kt:423)
	at org.jetbrains.kotlin.backend.jvm.codegen.ClassCodegen.generate(ClassCodegen.kt:168)
	at org.jetbrains.kotlin.backend.jvm.FileCodegen.lower(JvmPhases.kt:39)
	at org.jetbrains.kotlin.backend.common.phaser.PhaseFactoriesKt.createFilePhase$lambda$4(PhaseFactories.kt:71)
	at org.jetbrains.kotlin.backend.common.phaser.PhaseBuildersKt$createSimpleNamedCompilerPhase$1.phaseBody(PhaseBuilders.kt:69)
	at org.jetbrains.kotlin.backend.common.phaser.SimpleNamedCompilerPhase.phaseBody(CompilerPhase.kt:226)
	at org.jetbrains.kotlin.backend.common.phaser.AbstractNamedCompilerPhase.invoke(CompilerPhase.kt:113)
	at org.jetbrains.kotlin.backend.common.phaser.PerformByIrFilePhase.invokeSequential(performByIrFile.kt:62)
	... 43 more
Caused by: org.jetbrains.kotlin.codegen.CompilationException: Back-end (JVM) Internal error: Couldn't inline method call: CALL 'public final fun remember <T> (calculation: @[DisallowComposableCalls] kotlin.Function0<T of androidx.compose.runtime.ComposablesKt.remember>): T of androidx.compose.runtime.ComposablesKt.remember [inline] declared in androidx.compose.runtime.ComposablesKt' type=androidx.compose.runtime.MutableFloatState origin=null
Method: null
File is unknown
The root cause java.lang.IllegalStateException was thrown at: org.jetbrains.kotlin.codegen.inline.SourceCompilerForInlineKt.getMethodNode(SourceCompilerForInline.kt:118)
	at org.jetbrains.kotlin.codegen.inline.InlineCodegen.performInline(InlineCodegen.kt:65)
	at org.jetbrains.kotlin.backend.jvm.codegen.IrInlineCodegen.genInlineCall(IrInlineCodegen.kt:163)
	at org.jetbrains.kotlin.backend.jvm.codegen.IrInlineCallGenerator.genCall(IrInlineCallGenerator.kt:36)
	at org.jetbrains.kotlin.backend.jvm.codegen.ExpressionCodegen.visitCall(ExpressionCodegen.kt:653)
	at org.jetbrains.kotlin.backend.jvm.codegen.ExpressionCodegen.visitCall(ExpressionCodegen.kt:138)
	at org.jetbrains.kotlin.ir.expressions.IrCall.accept(IrCall.kt:24)
	at org.jetbrains.kotlin.backend.jvm.codegen.ExpressionCodegen.visitVariable(ExpressionCodegen.kt:790)
	at org.jetbrains.kotlin.backend.jvm.codegen.ExpressionCodegen.visitVariable(ExpressionCodegen.kt:138)
	at org.jetbrains.kotlin.ir.declarations.IrVariable.accept(IrVariable.kt:36)
	at org.jetbrains.kotlin.backend.jvm.codegen.ExpressionCodegen.visitStatementContainer(ExpressionCodegen.kt:579)
	at org.jetbrains.kotlin.backend.jvm.codegen.ExpressionCodegen.visitBlockBody(ExpressionCodegen.kt:584)
	at org.jetbrains.kotlin.backend.jvm.codegen.ExpressionCodegen.visitBlockBody(ExpressionCodegen.kt:138)
	at org.jetbrains.kotlin.ir.expressions.IrBlockBody.accept(IrBlockBody.kt:20)
	at org.jetbrains.kotlin.backend.jvm.codegen.ExpressionCodegen.generate(ExpressionCodegen.kt:240)
	at org.jetbrains.kotlin.backend.jvm.codegen.FunctionCodegen.doGenerate(FunctionCodegen.kt:123)
	at org.jetbrains.kotlin.backend.jvm.codegen.FunctionCodegen.generate(FunctionCodegen.kt:44)
	... 53 more
Caused by: java.lang.IllegalStateException: couldn't find inline method Landroidx/compose/runtime/ComposablesKt;.remember(Lkotlin/jvm/functions/Function0;)Ljava/lang/Object;
	at org.jetbrains.kotlin.codegen.inline.SourceCompilerForInlineKt.getMethodNode(SourceCompilerForInline.kt:118)
	at org.jetbrains.kotlin.codegen.inline.SourceCompilerForInlineKt.loadCompiledInlineFunction(SourceCompilerForInline.kt:96)
	at org.jetbrains.kotlin.backend.jvm.codegen.IrSourceCompilerForInline.compileInlineFunction(IrSourceCompilerForInline.kt:91)
	at org.jetbrains.kotlin.codegen.inline.InlineCodegen.compileInline(InlineCodegen.kt:43)
	at org.jetbrains.kotlin.codegen.inline.InlineCodegen.performInline(InlineCodegen.kt:51)
	... 68 more


